  Source.cpp
D:\kuliah\sem5\Lab GK\FinalLabGk\FinalLabGk\Source.cpp(7,24): warning C4305: 'initializing': truncation from 'double' to 'GLfloat'
D:\kuliah\sem5\Lab GK\FinalLabGk\FinalLabGk\Source.cpp(8,20): warning C4305: 'initializing': truncation from 'double' to 'GLfloat'
D:\kuliah\sem5\Lab GK\FinalLabGk\FinalLabGk\Source.cpp(36,20): warning C4305: 'argument': truncation from 'double' to 'GLfloat'
D:\kuliah\sem5\Lab GK\FinalLabGk\FinalLabGk\Source.cpp(62,20): warning C4305: 'argument': truncation from 'double' to 'GLfloat'
D:\kuliah\sem5\Lab GK\FinalLabGk\FinalLabGk\Source.cpp(88,20): warning C4305: 'argument': truncation from 'double' to 'GLfloat'
D:\kuliah\sem5\Lab GK\FinalLabGk\FinalLabGk\Source.cpp(114,20): warning C4305: 'argument': truncation from 'double' to 'GLfloat'
D:\kuliah\sem5\Lab GK\FinalLabGk\FinalLabGk\Source.cpp(153,22): warning C4305: 'argument': truncation from 'double' to 'GLfloat'
D:\kuliah\sem5\Lab GK\FinalLabGk\FinalLabGk\Source.cpp(154,22): warning C4305: 'argument': truncation from 'double' to 'GLfloat'
D:\kuliah\sem5\Lab GK\FinalLabGk\FinalLabGk\Source.cpp(159,20): warning C4305: 'argument': truncation from 'double' to 'GLfloat'
D:\kuliah\sem5\Lab GK\FinalLabGk\FinalLabGk\Source.cpp(162,22): warning C4305: 'argument': truncation from 'double' to 'GLfloat'
D:\kuliah\sem5\Lab GK\FinalLabGk\FinalLabGk\Source.cpp(163,22): warning C4305: 'argument': truncation from 'double' to 'GLfloat'
D:\kuliah\sem5\Lab GK\FinalLabGk\FinalLabGk\Source.cpp(187,20): warning C4305: 'argument': truncation from 'double' to 'GLfloat'
D:\kuliah\sem5\Lab GK\FinalLabGk\FinalLabGk\Source.cpp(187,15): warning C4305: 'argument': truncation from 'double' to 'GLfloat'
D:\kuliah\sem5\Lab GK\FinalLabGk\FinalLabGk\Source.cpp(195,25): warning C4305: 'argument': truncation from 'double' to 'GLfloat'
D:\kuliah\sem5\Lab GK\FinalLabGk\FinalLabGk\Source.cpp(195,20): warning C4305: 'argument': truncation from 'double' to 'GLfloat'
D:\kuliah\sem5\Lab GK\FinalLabGk\FinalLabGk\Source.cpp(195,15): warning C4305: 'argument': truncation from 'double' to 'GLfloat'
D:\kuliah\sem5\Lab GK\FinalLabGk\FinalLabGk\Source.cpp(196,21): warning C4305: 'argument': truncation from 'double' to 'GLfloat'
D:\kuliah\sem5\Lab GK\FinalLabGk\FinalLabGk\Source.cpp(196,16): warning C4305: 'argument': truncation from 'double' to 'GLfloat'
D:\kuliah\sem5\Lab GK\FinalLabGk\FinalLabGk\Source.cpp(197,21): warning C4305: 'argument': truncation from 'double' to 'GLfloat'
D:\kuliah\sem5\Lab GK\FinalLabGk\FinalLabGk\Source.cpp(197,16): warning C4305: 'argument': truncation from 'double' to 'GLfloat'
D:\kuliah\sem5\Lab GK\FinalLabGk\FinalLabGk\Source.cpp(198,21): warning C4305: 'argument': truncation from 'double' to 'GLfloat'
D:\kuliah\sem5\Lab GK\FinalLabGk\FinalLabGk\Source.cpp(198,16): warning C4305: 'argument': truncation from 'double' to 'GLfloat'
D:\kuliah\sem5\Lab GK\FinalLabGk\FinalLabGk\Source.cpp(199,21): warning C4305: 'argument': truncation from 'double' to 'GLfloat'
D:\kuliah\sem5\Lab GK\FinalLabGk\FinalLabGk\Source.cpp(199,16): warning C4305: 'argument': truncation from 'double' to 'GLfloat'
D:\kuliah\sem5\Lab GK\FinalLabGk\FinalLabGk\Source.cpp(201,26): warning C4305: 'argument': truncation from 'double' to 'GLfloat'
D:\kuliah\sem5\Lab GK\FinalLabGk\FinalLabGk\Source.cpp(201,21): warning C4305: 'argument': truncation from 'double' to 'GLfloat'
D:\kuliah\sem5\Lab GK\FinalLabGk\FinalLabGk\Source.cpp(201,16): warning C4305: 'argument': truncation from 'double' to 'GLfloat'
D:\kuliah\sem5\Lab GK\FinalLabGk\FinalLabGk\Source.cpp(202,26): warning C4305: 'argument': truncation from 'double' to 'GLfloat'
D:\kuliah\sem5\Lab GK\FinalLabGk\FinalLabGk\Source.cpp(202,21): warning C4305: 'argument': truncation from 'double' to 'GLfloat'
D:\kuliah\sem5\Lab GK\FinalLabGk\FinalLabGk\Source.cpp(202,16): warning C4305: 'argument': truncation from 'double' to 'GLfloat'
D:\kuliah\sem5\Lab GK\FinalLabGk\FinalLabGk\Source.cpp(203,26): warning C4305: 'argument': truncation from 'double' to 'GLfloat'
D:\kuliah\sem5\Lab GK\FinalLabGk\FinalLabGk\Source.cpp(203,21): warning C4305: 'argument': truncation from 'double' to 'GLfloat'
D:\kuliah\sem5\Lab GK\FinalLabGk\FinalLabGk\Source.cpp(203,16): warning C4305: 'argument': truncation from 'double' to 'GLfloat'
D:\kuliah\sem5\Lab GK\FinalLabGk\FinalLabGk\Source.cpp(204,26): warning C4305: 'argument': truncation from 'double' to 'GLfloat'
D:\kuliah\sem5\Lab GK\FinalLabGk\FinalLabGk\Source.cpp(204,21): warning C4305: 'argument': truncation from 'double' to 'GLfloat'
D:\kuliah\sem5\Lab GK\FinalLabGk\FinalLabGk\Source.cpp(204,16): warning C4305: 'argument': truncation from 'double' to 'GLfloat'
D:\kuliah\sem5\Lab GK\FinalLabGk\FinalLabGk\Source.cpp(206,21): warning C4305: 'argument': truncation from 'double' to 'GLfloat'
D:\kuliah\sem5\Lab GK\FinalLabGk\FinalLabGk\Source.cpp(206,16): warning C4305: 'argument': truncation from 'double' to 'GLfloat'
D:\kuliah\sem5\Lab GK\FinalLabGk\FinalLabGk\Source.cpp(207,26): warning C4305: 'argument': truncation from 'double' to 'GLfloat'
D:\kuliah\sem5\Lab GK\FinalLabGk\FinalLabGk\Source.cpp(207,21): warning C4305: 'argument': truncation from 'double' to 'GLfloat'
D:\kuliah\sem5\Lab GK\FinalLabGk\FinalLabGk\Source.cpp(207,16): warning C4305: 'argument': truncation from 'double' to 'GLfloat'
D:\kuliah\sem5\Lab GK\FinalLabGk\FinalLabGk\Source.cpp(208,26): warning C4305: 'argument': truncation from 'double' to 'GLfloat'
D:\kuliah\sem5\Lab GK\FinalLabGk\FinalLabGk\Source.cpp(208,21): warning C4305: 'argument': truncation from 'double' to 'GLfloat'
D:\kuliah\sem5\Lab GK\FinalLabGk\FinalLabGk\Source.cpp(208,16): warning C4305: 'argument': truncation from 'double' to 'GLfloat'
D:\kuliah\sem5\Lab GK\FinalLabGk\FinalLabGk\Source.cpp(209,21): warning C4305: 'argument': truncation from 'double' to 'GLfloat'
D:\kuliah\sem5\Lab GK\FinalLabGk\FinalLabGk\Source.cpp(209,16): warning C4305: 'argument': truncation from 'double' to 'GLfloat'
D:\kuliah\sem5\Lab GK\FinalLabGk\FinalLabGk\Source.cpp(211,21): warning C4305: 'argument': truncation from 'double' to 'GLfloat'
D:\kuliah\sem5\Lab GK\FinalLabGk\FinalLabGk\Source.cpp(211,16): warning C4305: 'argument': truncation from 'double' to 'GLfloat'
D:\kuliah\sem5\Lab GK\FinalLabGk\FinalLabGk\Source.cpp(212,21): warning C4305: 'argument': truncation from 'double' to 'GLfloat'
D:\kuliah\sem5\Lab GK\FinalLabGk\FinalLabGk\Source.cpp(212,16): warning C4305: 'argument': truncation from 'double' to 'GLfloat'
D:\kuliah\sem5\Lab GK\FinalLabGk\FinalLabGk\Source.cpp(213,26): warning C4305: 'argument': truncation from 'double' to 'GLfloat'
D:\kuliah\sem5\Lab GK\FinalLabGk\FinalLabGk\Source.cpp(213,21): warning C4305: 'argument': truncation from 'double' to 'GLfloat'
D:\kuliah\sem5\Lab GK\FinalLabGk\FinalLabGk\Source.cpp(213,16): warning C4305: 'argument': truncation from 'double' to 'GLfloat'
D:\kuliah\sem5\Lab GK\FinalLabGk\FinalLabGk\Source.cpp(214,26): warning C4305: 'argument': truncation from 'double' to 'GLfloat'
D:\kuliah\sem5\Lab GK\FinalLabGk\FinalLabGk\Source.cpp(214,21): warning C4305: 'argument': truncation from 'double' to 'GLfloat'
D:\kuliah\sem5\Lab GK\FinalLabGk\FinalLabGk\Source.cpp(214,16): warning C4305: 'argument': truncation from 'double' to 'GLfloat'
D:\kuliah\sem5\Lab GK\FinalLabGk\FinalLabGk\Source.cpp(218,20): warning C4305: 'argument': truncation from 'double' to 'GLfloat'
D:\kuliah\sem5\Lab GK\FinalLabGk\FinalLabGk\Source.cpp(218,15): warning C4305: 'argument': truncation from 'double' to 'GLfloat'
D:\kuliah\sem5\Lab GK\FinalLabGk\FinalLabGk\Source.cpp(226,20): warning C4305: 'argument': truncation from 'double' to 'GLfloat'
D:\kuliah\sem5\Lab GK\FinalLabGk\FinalLabGk\Source.cpp(226,15): warning C4305: 'argument': truncation from 'double' to 'GLfloat'
D:\kuliah\sem5\Lab GK\FinalLabGk\FinalLabGk\Source.cpp(319,20): warning C4305: 'argument': truncation from 'double' to 'GLfloat'
D:\kuliah\sem5\Lab GK\FinalLabGk\FinalLabGk\Source.cpp(319,15): warning C4305: 'argument': truncation from 'double' to 'GLfloat'
D:\kuliah\sem5\Lab GK\FinalLabGk\FinalLabGk\Source.cpp(327,20): warning C4305: 'argument': truncation from 'double' to 'GLfloat'
D:\kuliah\sem5\Lab GK\FinalLabGk\FinalLabGk\Source.cpp(335,25): warning C4305: 'argument': truncation from 'double' to 'GLfloat'
D:\kuliah\sem5\Lab GK\FinalLabGk\FinalLabGk\Source.cpp(335,15): warning C4305: 'argument': truncation from 'double' to 'GLfloat'
D:\kuliah\sem5\Lab GK\FinalLabGk\FinalLabGk\Source.cpp(338,17): warning C4305: 'argument': truncation from 'double' to 'GLfloat'
D:\kuliah\sem5\Lab GK\FinalLabGk\FinalLabGk\Source.cpp(339,17): warning C4305: 'argument': truncation from 'double' to 'GLfloat'
D:\kuliah\sem5\Lab GK\FinalLabGk\FinalLabGk\Source.cpp(343,17): warning C4305: 'argument': truncation from 'double' to 'GLfloat'
D:\kuliah\sem5\Lab GK\FinalLabGk\FinalLabGk\Source.cpp(344,17): warning C4305: 'argument': truncation from 'double' to 'GLfloat'
D:\kuliah\sem5\Lab GK\FinalLabGk\FinalLabGk\Source.cpp(348,17): warning C4305: 'argument': truncation from 'double' to 'GLfloat'
D:\kuliah\sem5\Lab GK\FinalLabGk\FinalLabGk\Source.cpp(349,17): warning C4305: 'argument': truncation from 'double' to 'GLfloat'
D:\kuliah\sem5\Lab GK\FinalLabGk\FinalLabGk\Source.cpp(353,17): warning C4305: 'argument': truncation from 'double' to 'GLfloat'
D:\kuliah\sem5\Lab GK\FinalLabGk\FinalLabGk\Source.cpp(354,17): warning C4305: 'argument': truncation from 'double' to 'GLfloat'
D:\kuliah\sem5\Lab GK\FinalLabGk\FinalLabGk\Source.cpp(358,17): warning C4305: 'argument': truncation from 'double' to 'GLfloat'
D:\kuliah\sem5\Lab GK\FinalLabGk\FinalLabGk\Source.cpp(359,17): warning C4305: 'argument': truncation from 'double' to 'GLfloat'
D:\kuliah\sem5\Lab GK\FinalLabGk\FinalLabGk\Source.cpp(363,17): warning C4305: 'argument': truncation from 'double' to 'GLfloat'
D:\kuliah\sem5\Lab GK\FinalLabGk\FinalLabGk\Source.cpp(364,17): warning C4305: 'argument': truncation from 'double' to 'GLfloat'
D:\kuliah\sem5\Lab GK\FinalLabGk\FinalLabGk\Source.cpp(368,17): warning C4305: 'argument': truncation from 'double' to 'GLfloat'
D:\kuliah\sem5\Lab GK\FinalLabGk\FinalLabGk\Source.cpp(369,17): warning C4305: 'argument': truncation from 'double' to 'GLfloat'
D:\kuliah\sem5\Lab GK\FinalLabGk\FinalLabGk\Source.cpp(373,17): warning C4305: 'argument': truncation from 'double' to 'GLfloat'
D:\kuliah\sem5\Lab GK\FinalLabGk\FinalLabGk\Source.cpp(374,17): warning C4305: 'argument': truncation from 'double' to 'GLfloat'
D:\kuliah\sem5\Lab GK\FinalLabGk\FinalLabGk\Source.cpp(378,17): warning C4305: 'argument': truncation from 'double' to 'GLfloat'
D:\kuliah\sem5\Lab GK\FinalLabGk\FinalLabGk\Source.cpp(379,17): warning C4305: 'argument': truncation from 'double' to 'GLfloat'
D:\kuliah\sem5\Lab GK\FinalLabGk\FinalLabGk\Source.cpp(383,17): warning C4305: 'argument': truncation from 'double' to 'GLfloat'
D:\kuliah\sem5\Lab GK\FinalLabGk\FinalLabGk\Source.cpp(384,17): warning C4305: 'argument': truncation from 'double' to 'GLfloat'
D:\kuliah\sem5\Lab GK\FinalLabGk\FinalLabGk\Source.cpp(434,23): warning C4305: 'argument': truncation from 'double' to 'GLclampf'
D:\kuliah\sem5\Lab GK\FinalLabGk\FinalLabGk\Source.cpp(434,18): warning C4305: 'argument': truncation from 'double' to 'GLclampf'
D:\kuliah\sem5\Lab GK\FinalLabGk\FinalLabGk\Source.cpp(440,31): warning C4305: 'initializing': truncation from 'double' to 'GLfloat'
D:\kuliah\sem5\Lab GK\FinalLabGk\FinalLabGk\Source.cpp(441,32): warning C4305: 'initializing': truncation from 'double' to 'GLfloat'
  FinalLabGk.vcxproj -> D:\kuliah\sem5\Lab GK\FinalLabGk\FinalLabGk\Debug\FinalLabGk.exe
